ARM GAS  /tmp/cc4ZPi7l.s 			page 1


   1              		.cpu cortex-m4
   2              		.eabi_attribute 27, 1
   3              		.eabi_attribute 28, 1
   4              		.eabi_attribute 20, 1
   5              		.eabi_attribute 21, 1
   6              		.eabi_attribute 23, 3
   7              		.eabi_attribute 24, 1
   8              		.eabi_attribute 25, 1
   9              		.eabi_attribute 26, 1
  10              		.eabi_attribute 30, 1
  11              		.eabi_attribute 34, 1
  12              		.eabi_attribute 18, 4
  13              		.file	"stm32l4xx_hal_i2c_ex.c"
  14              		.text
  15              	.Ltext0:
  16              		.cfi_sections	.debug_frame
  17              		.section	.text.HAL_I2CEx_ConfigAnalogFilter,"ax",%progbits
  18              		.align	1
  19              		.global	HAL_I2CEx_ConfigAnalogFilter
  20              		.arch armv7e-m
  21              		.syntax unified
  22              		.thumb
  23              		.thumb_func
  24              		.fpu fpv4-sp-d16
  26              	HAL_I2CEx_ConfigAnalogFilter:
  27              	.LVL0:
  28              	.LFB132:
  29              		.file 1 "Drivers/STM32L4xx_HAL_Driver/Src/stm32l4xx_hal_i2c_ex.c"
   1:Drivers/STM32L4xx_HAL_Driver/Src/stm32l4xx_hal_i2c_ex.c **** /**
   2:Drivers/STM32L4xx_HAL_Driver/Src/stm32l4xx_hal_i2c_ex.c ****   ******************************************************************************
   3:Drivers/STM32L4xx_HAL_Driver/Src/stm32l4xx_hal_i2c_ex.c ****   * @file    stm32l4xx_hal_i2c_ex.c
   4:Drivers/STM32L4xx_HAL_Driver/Src/stm32l4xx_hal_i2c_ex.c ****   * @author  MCD Application Team
   5:Drivers/STM32L4xx_HAL_Driver/Src/stm32l4xx_hal_i2c_ex.c ****   * @brief   I2C Extended HAL module driver.
   6:Drivers/STM32L4xx_HAL_Driver/Src/stm32l4xx_hal_i2c_ex.c ****   *          This file provides firmware functions to manage the following
   7:Drivers/STM32L4xx_HAL_Driver/Src/stm32l4xx_hal_i2c_ex.c ****   *          functionalities of I2C Extended peripheral:
   8:Drivers/STM32L4xx_HAL_Driver/Src/stm32l4xx_hal_i2c_ex.c ****   *           + Extended features functions
   9:Drivers/STM32L4xx_HAL_Driver/Src/stm32l4xx_hal_i2c_ex.c ****   *
  10:Drivers/STM32L4xx_HAL_Driver/Src/stm32l4xx_hal_i2c_ex.c ****   @verbatim
  11:Drivers/STM32L4xx_HAL_Driver/Src/stm32l4xx_hal_i2c_ex.c ****   ==============================================================================
  12:Drivers/STM32L4xx_HAL_Driver/Src/stm32l4xx_hal_i2c_ex.c ****                ##### I2C peripheral Extended features  #####
  13:Drivers/STM32L4xx_HAL_Driver/Src/stm32l4xx_hal_i2c_ex.c ****   ==============================================================================
  14:Drivers/STM32L4xx_HAL_Driver/Src/stm32l4xx_hal_i2c_ex.c **** 
  15:Drivers/STM32L4xx_HAL_Driver/Src/stm32l4xx_hal_i2c_ex.c ****   [..] Comparing to other previous devices, the I2C interface for STM32L4xx
  16:Drivers/STM32L4xx_HAL_Driver/Src/stm32l4xx_hal_i2c_ex.c ****        devices contains the following additional features
  17:Drivers/STM32L4xx_HAL_Driver/Src/stm32l4xx_hal_i2c_ex.c **** 
  18:Drivers/STM32L4xx_HAL_Driver/Src/stm32l4xx_hal_i2c_ex.c ****        (+) Possibility to disable or enable Analog Noise Filter
  19:Drivers/STM32L4xx_HAL_Driver/Src/stm32l4xx_hal_i2c_ex.c ****        (+) Use of a configured Digital Noise Filter
  20:Drivers/STM32L4xx_HAL_Driver/Src/stm32l4xx_hal_i2c_ex.c ****        (+) Disable or enable wakeup from Stop mode(s)
  21:Drivers/STM32L4xx_HAL_Driver/Src/stm32l4xx_hal_i2c_ex.c ****        (+) Disable or enable Fast Mode Plus
  22:Drivers/STM32L4xx_HAL_Driver/Src/stm32l4xx_hal_i2c_ex.c **** 
  23:Drivers/STM32L4xx_HAL_Driver/Src/stm32l4xx_hal_i2c_ex.c ****                      ##### How to use this driver #####
  24:Drivers/STM32L4xx_HAL_Driver/Src/stm32l4xx_hal_i2c_ex.c ****   ==============================================================================
  25:Drivers/STM32L4xx_HAL_Driver/Src/stm32l4xx_hal_i2c_ex.c ****   [..] This driver provides functions to configure Noise Filter and Wake Up Feature
  26:Drivers/STM32L4xx_HAL_Driver/Src/stm32l4xx_hal_i2c_ex.c ****     (#) Configure I2C Analog noise filter using the function HAL_I2CEx_ConfigAnalogFilter()
  27:Drivers/STM32L4xx_HAL_Driver/Src/stm32l4xx_hal_i2c_ex.c ****     (#) Configure I2C Digital noise filter using the function HAL_I2CEx_ConfigDigitalFilter()
  28:Drivers/STM32L4xx_HAL_Driver/Src/stm32l4xx_hal_i2c_ex.c ****     (#) Configure the enable or disable of I2C Wake Up Mode using the functions :
  29:Drivers/STM32L4xx_HAL_Driver/Src/stm32l4xx_hal_i2c_ex.c ****           (++) HAL_I2CEx_EnableWakeUp()
ARM GAS  /tmp/cc4ZPi7l.s 			page 2


  30:Drivers/STM32L4xx_HAL_Driver/Src/stm32l4xx_hal_i2c_ex.c ****           (++) HAL_I2CEx_DisableWakeUp()
  31:Drivers/STM32L4xx_HAL_Driver/Src/stm32l4xx_hal_i2c_ex.c ****     (#) Configure the enable or disable of fast mode plus driving capability using the functions :
  32:Drivers/STM32L4xx_HAL_Driver/Src/stm32l4xx_hal_i2c_ex.c ****           (++) HAL_I2CEx_EnableFastModePlus()
  33:Drivers/STM32L4xx_HAL_Driver/Src/stm32l4xx_hal_i2c_ex.c ****           (++) HAL_I2CEx_DisableFastModePlus()
  34:Drivers/STM32L4xx_HAL_Driver/Src/stm32l4xx_hal_i2c_ex.c ****   @endverbatim
  35:Drivers/STM32L4xx_HAL_Driver/Src/stm32l4xx_hal_i2c_ex.c ****   ******************************************************************************
  36:Drivers/STM32L4xx_HAL_Driver/Src/stm32l4xx_hal_i2c_ex.c ****   * @attention
  37:Drivers/STM32L4xx_HAL_Driver/Src/stm32l4xx_hal_i2c_ex.c ****   *
  38:Drivers/STM32L4xx_HAL_Driver/Src/stm32l4xx_hal_i2c_ex.c ****   * <h2><center>&copy; Copyright (c) 2017 STMicroelectronics.
  39:Drivers/STM32L4xx_HAL_Driver/Src/stm32l4xx_hal_i2c_ex.c ****   * All rights reserved.</center></h2>
  40:Drivers/STM32L4xx_HAL_Driver/Src/stm32l4xx_hal_i2c_ex.c ****   *
  41:Drivers/STM32L4xx_HAL_Driver/Src/stm32l4xx_hal_i2c_ex.c ****   * This software component is licensed by ST under BSD 3-Clause license,
  42:Drivers/STM32L4xx_HAL_Driver/Src/stm32l4xx_hal_i2c_ex.c ****   * the "License"; You may not use this file except in compliance with the
  43:Drivers/STM32L4xx_HAL_Driver/Src/stm32l4xx_hal_i2c_ex.c ****   * License. You may obtain a copy of the License at:
  44:Drivers/STM32L4xx_HAL_Driver/Src/stm32l4xx_hal_i2c_ex.c ****   *                        opensource.org/licenses/BSD-3-Clause
  45:Drivers/STM32L4xx_HAL_Driver/Src/stm32l4xx_hal_i2c_ex.c ****   *
  46:Drivers/STM32L4xx_HAL_Driver/Src/stm32l4xx_hal_i2c_ex.c ****   ******************************************************************************
  47:Drivers/STM32L4xx_HAL_Driver/Src/stm32l4xx_hal_i2c_ex.c ****   */
  48:Drivers/STM32L4xx_HAL_Driver/Src/stm32l4xx_hal_i2c_ex.c **** 
  49:Drivers/STM32L4xx_HAL_Driver/Src/stm32l4xx_hal_i2c_ex.c **** /* Includes ------------------------------------------------------------------*/
  50:Drivers/STM32L4xx_HAL_Driver/Src/stm32l4xx_hal_i2c_ex.c **** #include "stm32l4xx_hal.h"
  51:Drivers/STM32L4xx_HAL_Driver/Src/stm32l4xx_hal_i2c_ex.c **** 
  52:Drivers/STM32L4xx_HAL_Driver/Src/stm32l4xx_hal_i2c_ex.c **** /** @addtogroup STM32L4xx_HAL_Driver
  53:Drivers/STM32L4xx_HAL_Driver/Src/stm32l4xx_hal_i2c_ex.c ****   * @{
  54:Drivers/STM32L4xx_HAL_Driver/Src/stm32l4xx_hal_i2c_ex.c ****   */
  55:Drivers/STM32L4xx_HAL_Driver/Src/stm32l4xx_hal_i2c_ex.c **** 
  56:Drivers/STM32L4xx_HAL_Driver/Src/stm32l4xx_hal_i2c_ex.c **** /** @defgroup I2CEx I2CEx
  57:Drivers/STM32L4xx_HAL_Driver/Src/stm32l4xx_hal_i2c_ex.c ****   * @brief I2C Extended HAL module driver
  58:Drivers/STM32L4xx_HAL_Driver/Src/stm32l4xx_hal_i2c_ex.c ****   * @{
  59:Drivers/STM32L4xx_HAL_Driver/Src/stm32l4xx_hal_i2c_ex.c ****   */
  60:Drivers/STM32L4xx_HAL_Driver/Src/stm32l4xx_hal_i2c_ex.c **** 
  61:Drivers/STM32L4xx_HAL_Driver/Src/stm32l4xx_hal_i2c_ex.c **** #ifdef HAL_I2C_MODULE_ENABLED
  62:Drivers/STM32L4xx_HAL_Driver/Src/stm32l4xx_hal_i2c_ex.c **** 
  63:Drivers/STM32L4xx_HAL_Driver/Src/stm32l4xx_hal_i2c_ex.c **** /* Private typedef -----------------------------------------------------------*/
  64:Drivers/STM32L4xx_HAL_Driver/Src/stm32l4xx_hal_i2c_ex.c **** /* Private define ------------------------------------------------------------*/
  65:Drivers/STM32L4xx_HAL_Driver/Src/stm32l4xx_hal_i2c_ex.c **** /* Private macro -------------------------------------------------------------*/
  66:Drivers/STM32L4xx_HAL_Driver/Src/stm32l4xx_hal_i2c_ex.c **** /* Private variables ---------------------------------------------------------*/
  67:Drivers/STM32L4xx_HAL_Driver/Src/stm32l4xx_hal_i2c_ex.c **** /* Private function prototypes -----------------------------------------------*/
  68:Drivers/STM32L4xx_HAL_Driver/Src/stm32l4xx_hal_i2c_ex.c **** /* Private functions ---------------------------------------------------------*/
  69:Drivers/STM32L4xx_HAL_Driver/Src/stm32l4xx_hal_i2c_ex.c **** 
  70:Drivers/STM32L4xx_HAL_Driver/Src/stm32l4xx_hal_i2c_ex.c **** /** @defgroup I2CEx_Exported_Functions I2C Extended Exported Functions
  71:Drivers/STM32L4xx_HAL_Driver/Src/stm32l4xx_hal_i2c_ex.c ****   * @{
  72:Drivers/STM32L4xx_HAL_Driver/Src/stm32l4xx_hal_i2c_ex.c ****   */
  73:Drivers/STM32L4xx_HAL_Driver/Src/stm32l4xx_hal_i2c_ex.c **** 
  74:Drivers/STM32L4xx_HAL_Driver/Src/stm32l4xx_hal_i2c_ex.c **** /** @defgroup I2CEx_Exported_Functions_Group1 Extended features functions
  75:Drivers/STM32L4xx_HAL_Driver/Src/stm32l4xx_hal_i2c_ex.c ****   * @brief    Extended features functions
  76:Drivers/STM32L4xx_HAL_Driver/Src/stm32l4xx_hal_i2c_ex.c ****   *
  77:Drivers/STM32L4xx_HAL_Driver/Src/stm32l4xx_hal_i2c_ex.c **** @verbatim
  78:Drivers/STM32L4xx_HAL_Driver/Src/stm32l4xx_hal_i2c_ex.c ****  ===============================================================================
  79:Drivers/STM32L4xx_HAL_Driver/Src/stm32l4xx_hal_i2c_ex.c ****                       ##### Extended features functions #####
  80:Drivers/STM32L4xx_HAL_Driver/Src/stm32l4xx_hal_i2c_ex.c ****  ===============================================================================
  81:Drivers/STM32L4xx_HAL_Driver/Src/stm32l4xx_hal_i2c_ex.c ****     [..] This section provides functions allowing to:
  82:Drivers/STM32L4xx_HAL_Driver/Src/stm32l4xx_hal_i2c_ex.c ****       (+) Configure Noise Filters
  83:Drivers/STM32L4xx_HAL_Driver/Src/stm32l4xx_hal_i2c_ex.c ****       (+) Configure Wake Up Feature
  84:Drivers/STM32L4xx_HAL_Driver/Src/stm32l4xx_hal_i2c_ex.c ****       (+) Configure Fast Mode Plus
  85:Drivers/STM32L4xx_HAL_Driver/Src/stm32l4xx_hal_i2c_ex.c **** 
  86:Drivers/STM32L4xx_HAL_Driver/Src/stm32l4xx_hal_i2c_ex.c **** @endverbatim
ARM GAS  /tmp/cc4ZPi7l.s 			page 3


  87:Drivers/STM32L4xx_HAL_Driver/Src/stm32l4xx_hal_i2c_ex.c ****   * @{
  88:Drivers/STM32L4xx_HAL_Driver/Src/stm32l4xx_hal_i2c_ex.c ****   */
  89:Drivers/STM32L4xx_HAL_Driver/Src/stm32l4xx_hal_i2c_ex.c **** 
  90:Drivers/STM32L4xx_HAL_Driver/Src/stm32l4xx_hal_i2c_ex.c **** /**
  91:Drivers/STM32L4xx_HAL_Driver/Src/stm32l4xx_hal_i2c_ex.c ****   * @brief  Configure I2C Analog noise filter.
  92:Drivers/STM32L4xx_HAL_Driver/Src/stm32l4xx_hal_i2c_ex.c ****   * @param  hi2c Pointer to a I2C_HandleTypeDef structure that contains
  93:Drivers/STM32L4xx_HAL_Driver/Src/stm32l4xx_hal_i2c_ex.c ****   *                the configuration information for the specified I2Cx peripheral.
  94:Drivers/STM32L4xx_HAL_Driver/Src/stm32l4xx_hal_i2c_ex.c ****   * @param  AnalogFilter New state of the Analog filter.
  95:Drivers/STM32L4xx_HAL_Driver/Src/stm32l4xx_hal_i2c_ex.c ****   * @retval HAL status
  96:Drivers/STM32L4xx_HAL_Driver/Src/stm32l4xx_hal_i2c_ex.c ****   */
  97:Drivers/STM32L4xx_HAL_Driver/Src/stm32l4xx_hal_i2c_ex.c **** HAL_StatusTypeDef HAL_I2CEx_ConfigAnalogFilter(I2C_HandleTypeDef *hi2c, uint32_t AnalogFilter)
  98:Drivers/STM32L4xx_HAL_Driver/Src/stm32l4xx_hal_i2c_ex.c **** {
  30              		.loc 1 98 1 view -0
  31              		.cfi_startproc
  32              		@ args = 0, pretend = 0, frame = 0
  33              		@ frame_needed = 0, uses_anonymous_args = 0
  34              		@ link register save eliminated.
  35              		.loc 1 98 1 is_stmt 0 view .LVU1
  36 0000 0346     		mov	r3, r0
  99:Drivers/STM32L4xx_HAL_Driver/Src/stm32l4xx_hal_i2c_ex.c ****   /* Check the parameters */
 100:Drivers/STM32L4xx_HAL_Driver/Src/stm32l4xx_hal_i2c_ex.c ****   assert_param(IS_I2C_ALL_INSTANCE(hi2c->Instance));
  37              		.loc 1 100 3 is_stmt 1 view .LVU2
 101:Drivers/STM32L4xx_HAL_Driver/Src/stm32l4xx_hal_i2c_ex.c ****   assert_param(IS_I2C_ANALOG_FILTER(AnalogFilter));
  38              		.loc 1 101 3 view .LVU3
 102:Drivers/STM32L4xx_HAL_Driver/Src/stm32l4xx_hal_i2c_ex.c **** 
 103:Drivers/STM32L4xx_HAL_Driver/Src/stm32l4xx_hal_i2c_ex.c ****   if (hi2c->State == HAL_I2C_STATE_READY)
  39              		.loc 1 103 3 view .LVU4
  40              		.loc 1 103 11 is_stmt 0 view .LVU5
  41 0002 90F84120 		ldrb	r2, [r0, #65]	@ zero_extendqisi2
  42 0006 D2B2     		uxtb	r2, r2
  43              		.loc 1 103 6 view .LVU6
  44 0008 202A     		cmp	r2, #32
  45 000a 23D1     		bne	.L3
 104:Drivers/STM32L4xx_HAL_Driver/Src/stm32l4xx_hal_i2c_ex.c ****   {
 105:Drivers/STM32L4xx_HAL_Driver/Src/stm32l4xx_hal_i2c_ex.c ****     /* Process Locked */
 106:Drivers/STM32L4xx_HAL_Driver/Src/stm32l4xx_hal_i2c_ex.c ****     __HAL_LOCK(hi2c);
  46              		.loc 1 106 5 is_stmt 1 view .LVU7
  47              		.loc 1 106 5 view .LVU8
  48 000c 90F84020 		ldrb	r2, [r0, #64]	@ zero_extendqisi2
  49 0010 012A     		cmp	r2, #1
  50 0012 21D0     		beq	.L4
  51              		.loc 1 106 5 discriminator 2 view .LVU9
  52 0014 0122     		movs	r2, #1
  53 0016 80F84020 		strb	r2, [r0, #64]
  54              		.loc 1 106 5 discriminator 2 view .LVU10
 107:Drivers/STM32L4xx_HAL_Driver/Src/stm32l4xx_hal_i2c_ex.c **** 
 108:Drivers/STM32L4xx_HAL_Driver/Src/stm32l4xx_hal_i2c_ex.c ****     hi2c->State = HAL_I2C_STATE_BUSY;
  55              		.loc 1 108 5 discriminator 2 view .LVU11
  56              		.loc 1 108 17 is_stmt 0 discriminator 2 view .LVU12
  57 001a 2422     		movs	r2, #36
  58 001c 80F84120 		strb	r2, [r0, #65]
 109:Drivers/STM32L4xx_HAL_Driver/Src/stm32l4xx_hal_i2c_ex.c **** 
 110:Drivers/STM32L4xx_HAL_Driver/Src/stm32l4xx_hal_i2c_ex.c ****     /* Disable the selected I2C peripheral */
 111:Drivers/STM32L4xx_HAL_Driver/Src/stm32l4xx_hal_i2c_ex.c ****     __HAL_I2C_DISABLE(hi2c);
  59              		.loc 1 111 5 is_stmt 1 discriminator 2 view .LVU13
  60 0020 0068     		ldr	r0, [r0]
  61              	.LVL1:
ARM GAS  /tmp/cc4ZPi7l.s 			page 4


  62              		.loc 1 111 5 is_stmt 0 discriminator 2 view .LVU14
  63 0022 0268     		ldr	r2, [r0]
  64 0024 22F00102 		bic	r2, r2, #1
  65 0028 0260     		str	r2, [r0]
 112:Drivers/STM32L4xx_HAL_Driver/Src/stm32l4xx_hal_i2c_ex.c **** 
 113:Drivers/STM32L4xx_HAL_Driver/Src/stm32l4xx_hal_i2c_ex.c ****     /* Reset I2Cx ANOFF bit */
 114:Drivers/STM32L4xx_HAL_Driver/Src/stm32l4xx_hal_i2c_ex.c ****     hi2c->Instance->CR1 &= ~(I2C_CR1_ANFOFF);
  66              		.loc 1 114 5 is_stmt 1 discriminator 2 view .LVU15
  67              		.loc 1 114 9 is_stmt 0 discriminator 2 view .LVU16
  68 002a 1868     		ldr	r0, [r3]
  69              		.loc 1 114 25 discriminator 2 view .LVU17
  70 002c 0268     		ldr	r2, [r0]
  71 002e 22F48052 		bic	r2, r2, #4096
  72 0032 0260     		str	r2, [r0]
 115:Drivers/STM32L4xx_HAL_Driver/Src/stm32l4xx_hal_i2c_ex.c **** 
 116:Drivers/STM32L4xx_HAL_Driver/Src/stm32l4xx_hal_i2c_ex.c ****     /* Set analog filter bit*/
 117:Drivers/STM32L4xx_HAL_Driver/Src/stm32l4xx_hal_i2c_ex.c ****     hi2c->Instance->CR1 |= AnalogFilter;
  73              		.loc 1 117 5 is_stmt 1 discriminator 2 view .LVU18
  74              		.loc 1 117 9 is_stmt 0 discriminator 2 view .LVU19
  75 0034 1868     		ldr	r0, [r3]
  76              		.loc 1 117 25 discriminator 2 view .LVU20
  77 0036 0268     		ldr	r2, [r0]
  78 0038 1143     		orrs	r1, r1, r2
  79              	.LVL2:
  80              		.loc 1 117 25 discriminator 2 view .LVU21
  81 003a 0160     		str	r1, [r0]
 118:Drivers/STM32L4xx_HAL_Driver/Src/stm32l4xx_hal_i2c_ex.c **** 
 119:Drivers/STM32L4xx_HAL_Driver/Src/stm32l4xx_hal_i2c_ex.c ****     __HAL_I2C_ENABLE(hi2c);
  82              		.loc 1 119 5 is_stmt 1 discriminator 2 view .LVU22
  83 003c 1968     		ldr	r1, [r3]
  84 003e 0A68     		ldr	r2, [r1]
  85 0040 42F00102 		orr	r2, r2, #1
  86 0044 0A60     		str	r2, [r1]
 120:Drivers/STM32L4xx_HAL_Driver/Src/stm32l4xx_hal_i2c_ex.c **** 
 121:Drivers/STM32L4xx_HAL_Driver/Src/stm32l4xx_hal_i2c_ex.c ****     hi2c->State = HAL_I2C_STATE_READY;
  87              		.loc 1 121 5 discriminator 2 view .LVU23
  88              		.loc 1 121 17 is_stmt 0 discriminator 2 view .LVU24
  89 0046 2022     		movs	r2, #32
  90 0048 83F84120 		strb	r2, [r3, #65]
 122:Drivers/STM32L4xx_HAL_Driver/Src/stm32l4xx_hal_i2c_ex.c **** 
 123:Drivers/STM32L4xx_HAL_Driver/Src/stm32l4xx_hal_i2c_ex.c ****     /* Process Unlocked */
 124:Drivers/STM32L4xx_HAL_Driver/Src/stm32l4xx_hal_i2c_ex.c ****     __HAL_UNLOCK(hi2c);
  91              		.loc 1 124 5 is_stmt 1 discriminator 2 view .LVU25
  92              		.loc 1 124 5 discriminator 2 view .LVU26
  93 004c 0020     		movs	r0, #0
  94 004e 83F84000 		strb	r0, [r3, #64]
  95              		.loc 1 124 5 discriminator 2 view .LVU27
 125:Drivers/STM32L4xx_HAL_Driver/Src/stm32l4xx_hal_i2c_ex.c **** 
 126:Drivers/STM32L4xx_HAL_Driver/Src/stm32l4xx_hal_i2c_ex.c ****     return HAL_OK;
  96              		.loc 1 126 5 discriminator 2 view .LVU28
  97              		.loc 1 126 12 is_stmt 0 discriminator 2 view .LVU29
  98 0052 7047     		bx	lr
  99              	.LVL3:
 100              	.L3:
 127:Drivers/STM32L4xx_HAL_Driver/Src/stm32l4xx_hal_i2c_ex.c ****   }
 128:Drivers/STM32L4xx_HAL_Driver/Src/stm32l4xx_hal_i2c_ex.c ****   else
 129:Drivers/STM32L4xx_HAL_Driver/Src/stm32l4xx_hal_i2c_ex.c ****   {
ARM GAS  /tmp/cc4ZPi7l.s 			page 5


 130:Drivers/STM32L4xx_HAL_Driver/Src/stm32l4xx_hal_i2c_ex.c ****     return HAL_BUSY;
 101              		.loc 1 130 12 view .LVU30
 102 0054 0220     		movs	r0, #2
 103              	.LVL4:
 104              		.loc 1 130 12 view .LVU31
 105 0056 7047     		bx	lr
 106              	.LVL5:
 107              	.L4:
 106:Drivers/STM32L4xx_HAL_Driver/Src/stm32l4xx_hal_i2c_ex.c **** 
 108              		.loc 1 106 5 view .LVU32
 109 0058 0220     		movs	r0, #2
 110              	.LVL6:
 131:Drivers/STM32L4xx_HAL_Driver/Src/stm32l4xx_hal_i2c_ex.c ****   }
 132:Drivers/STM32L4xx_HAL_Driver/Src/stm32l4xx_hal_i2c_ex.c **** }
 111              		.loc 1 132 1 view .LVU33
 112 005a 7047     		bx	lr
 113              		.cfi_endproc
 114              	.LFE132:
 116              		.section	.text.HAL_I2CEx_ConfigDigitalFilter,"ax",%progbits
 117              		.align	1
 118              		.global	HAL_I2CEx_ConfigDigitalFilter
 119              		.syntax unified
 120              		.thumb
 121              		.thumb_func
 122              		.fpu fpv4-sp-d16
 124              	HAL_I2CEx_ConfigDigitalFilter:
 125              	.LVL7:
 126              	.LFB133:
 133:Drivers/STM32L4xx_HAL_Driver/Src/stm32l4xx_hal_i2c_ex.c **** 
 134:Drivers/STM32L4xx_HAL_Driver/Src/stm32l4xx_hal_i2c_ex.c **** /**
 135:Drivers/STM32L4xx_HAL_Driver/Src/stm32l4xx_hal_i2c_ex.c ****   * @brief  Configure I2C Digital noise filter.
 136:Drivers/STM32L4xx_HAL_Driver/Src/stm32l4xx_hal_i2c_ex.c ****   * @param  hi2c Pointer to a I2C_HandleTypeDef structure that contains
 137:Drivers/STM32L4xx_HAL_Driver/Src/stm32l4xx_hal_i2c_ex.c ****   *                the configuration information for the specified I2Cx peripheral.
 138:Drivers/STM32L4xx_HAL_Driver/Src/stm32l4xx_hal_i2c_ex.c ****   * @param  DigitalFilter Coefficient of digital noise filter between Min_Data=0x00 and Max_Data=0x
 139:Drivers/STM32L4xx_HAL_Driver/Src/stm32l4xx_hal_i2c_ex.c ****   * @retval HAL status
 140:Drivers/STM32L4xx_HAL_Driver/Src/stm32l4xx_hal_i2c_ex.c ****   */
 141:Drivers/STM32L4xx_HAL_Driver/Src/stm32l4xx_hal_i2c_ex.c **** HAL_StatusTypeDef HAL_I2CEx_ConfigDigitalFilter(I2C_HandleTypeDef *hi2c, uint32_t DigitalFilter)
 142:Drivers/STM32L4xx_HAL_Driver/Src/stm32l4xx_hal_i2c_ex.c **** {
 127              		.loc 1 142 1 is_stmt 1 view -0
 128              		.cfi_startproc
 129              		@ args = 0, pretend = 0, frame = 0
 130              		@ frame_needed = 0, uses_anonymous_args = 0
 131              		@ link register save eliminated.
 132              		.loc 1 142 1 is_stmt 0 view .LVU35
 133 0000 0346     		mov	r3, r0
 143:Drivers/STM32L4xx_HAL_Driver/Src/stm32l4xx_hal_i2c_ex.c ****   uint32_t tmpreg;
 134              		.loc 1 143 3 is_stmt 1 view .LVU36
 144:Drivers/STM32L4xx_HAL_Driver/Src/stm32l4xx_hal_i2c_ex.c **** 
 145:Drivers/STM32L4xx_HAL_Driver/Src/stm32l4xx_hal_i2c_ex.c ****   /* Check the parameters */
 146:Drivers/STM32L4xx_HAL_Driver/Src/stm32l4xx_hal_i2c_ex.c ****   assert_param(IS_I2C_ALL_INSTANCE(hi2c->Instance));
 135              		.loc 1 146 3 view .LVU37
 147:Drivers/STM32L4xx_HAL_Driver/Src/stm32l4xx_hal_i2c_ex.c ****   assert_param(IS_I2C_DIGITAL_FILTER(DigitalFilter));
 136              		.loc 1 147 3 view .LVU38
 148:Drivers/STM32L4xx_HAL_Driver/Src/stm32l4xx_hal_i2c_ex.c **** 
 149:Drivers/STM32L4xx_HAL_Driver/Src/stm32l4xx_hal_i2c_ex.c ****   if (hi2c->State == HAL_I2C_STATE_READY)
 137              		.loc 1 149 3 view .LVU39
 138              		.loc 1 149 11 is_stmt 0 view .LVU40
ARM GAS  /tmp/cc4ZPi7l.s 			page 6


 139 0002 90F84120 		ldrb	r2, [r0, #65]	@ zero_extendqisi2
 140 0006 D2B2     		uxtb	r2, r2
 141              		.loc 1 149 6 view .LVU41
 142 0008 202A     		cmp	r2, #32
 143 000a 21D1     		bne	.L7
 150:Drivers/STM32L4xx_HAL_Driver/Src/stm32l4xx_hal_i2c_ex.c ****   {
 151:Drivers/STM32L4xx_HAL_Driver/Src/stm32l4xx_hal_i2c_ex.c ****     /* Process Locked */
 152:Drivers/STM32L4xx_HAL_Driver/Src/stm32l4xx_hal_i2c_ex.c ****     __HAL_LOCK(hi2c);
 144              		.loc 1 152 5 is_stmt 1 view .LVU42
 145              		.loc 1 152 5 view .LVU43
 146 000c 90F84020 		ldrb	r2, [r0, #64]	@ zero_extendqisi2
 147 0010 012A     		cmp	r2, #1
 148 0012 1FD0     		beq	.L8
 149              		.loc 1 152 5 discriminator 2 view .LVU44
 150 0014 0122     		movs	r2, #1
 151 0016 80F84020 		strb	r2, [r0, #64]
 152              		.loc 1 152 5 discriminator 2 view .LVU45
 153:Drivers/STM32L4xx_HAL_Driver/Src/stm32l4xx_hal_i2c_ex.c **** 
 154:Drivers/STM32L4xx_HAL_Driver/Src/stm32l4xx_hal_i2c_ex.c ****     hi2c->State = HAL_I2C_STATE_BUSY;
 153              		.loc 1 154 5 discriminator 2 view .LVU46
 154              		.loc 1 154 17 is_stmt 0 discriminator 2 view .LVU47
 155 001a 2422     		movs	r2, #36
 156 001c 80F84120 		strb	r2, [r0, #65]
 155:Drivers/STM32L4xx_HAL_Driver/Src/stm32l4xx_hal_i2c_ex.c **** 
 156:Drivers/STM32L4xx_HAL_Driver/Src/stm32l4xx_hal_i2c_ex.c ****     /* Disable the selected I2C peripheral */
 157:Drivers/STM32L4xx_HAL_Driver/Src/stm32l4xx_hal_i2c_ex.c ****     __HAL_I2C_DISABLE(hi2c);
 157              		.loc 1 157 5 is_stmt 1 discriminator 2 view .LVU48
 158 0020 0068     		ldr	r0, [r0]
 159              	.LVL8:
 160              		.loc 1 157 5 is_stmt 0 discriminator 2 view .LVU49
 161 0022 0268     		ldr	r2, [r0]
 162 0024 22F00102 		bic	r2, r2, #1
 163 0028 0260     		str	r2, [r0]
 158:Drivers/STM32L4xx_HAL_Driver/Src/stm32l4xx_hal_i2c_ex.c **** 
 159:Drivers/STM32L4xx_HAL_Driver/Src/stm32l4xx_hal_i2c_ex.c ****     /* Get the old register value */
 160:Drivers/STM32L4xx_HAL_Driver/Src/stm32l4xx_hal_i2c_ex.c ****     tmpreg = hi2c->Instance->CR1;
 164              		.loc 1 160 5 is_stmt 1 discriminator 2 view .LVU50
 165              		.loc 1 160 18 is_stmt 0 discriminator 2 view .LVU51
 166 002a 1868     		ldr	r0, [r3]
 167              		.loc 1 160 12 discriminator 2 view .LVU52
 168 002c 0268     		ldr	r2, [r0]
 169              	.LVL9:
 161:Drivers/STM32L4xx_HAL_Driver/Src/stm32l4xx_hal_i2c_ex.c **** 
 162:Drivers/STM32L4xx_HAL_Driver/Src/stm32l4xx_hal_i2c_ex.c ****     /* Reset I2Cx DNF bits [11:8] */
 163:Drivers/STM32L4xx_HAL_Driver/Src/stm32l4xx_hal_i2c_ex.c ****     tmpreg &= ~(I2C_CR1_DNF);
 170              		.loc 1 163 5 is_stmt 1 discriminator 2 view .LVU53
 171              		.loc 1 163 12 is_stmt 0 discriminator 2 view .LVU54
 172 002e 22F47062 		bic	r2, r2, #3840
 173              	.LVL10:
 164:Drivers/STM32L4xx_HAL_Driver/Src/stm32l4xx_hal_i2c_ex.c **** 
 165:Drivers/STM32L4xx_HAL_Driver/Src/stm32l4xx_hal_i2c_ex.c ****     /* Set I2Cx DNF coefficient */
 166:Drivers/STM32L4xx_HAL_Driver/Src/stm32l4xx_hal_i2c_ex.c ****     tmpreg |= DigitalFilter << 8U;
 174              		.loc 1 166 5 is_stmt 1 discriminator 2 view .LVU55
 175              		.loc 1 166 12 is_stmt 0 discriminator 2 view .LVU56
 176 0032 42EA0122 		orr	r2, r2, r1, lsl #8
 177              	.LVL11:
 167:Drivers/STM32L4xx_HAL_Driver/Src/stm32l4xx_hal_i2c_ex.c **** 
ARM GAS  /tmp/cc4ZPi7l.s 			page 7


 168:Drivers/STM32L4xx_HAL_Driver/Src/stm32l4xx_hal_i2c_ex.c ****     /* Store the new register value */
 169:Drivers/STM32L4xx_HAL_Driver/Src/stm32l4xx_hal_i2c_ex.c ****     hi2c->Instance->CR1 = tmpreg;
 178              		.loc 1 169 5 is_stmt 1 discriminator 2 view .LVU57
 179              		.loc 1 169 25 is_stmt 0 discriminator 2 view .LVU58
 180 0036 0260     		str	r2, [r0]
 170:Drivers/STM32L4xx_HAL_Driver/Src/stm32l4xx_hal_i2c_ex.c **** 
 171:Drivers/STM32L4xx_HAL_Driver/Src/stm32l4xx_hal_i2c_ex.c ****     __HAL_I2C_ENABLE(hi2c);
 181              		.loc 1 171 5 is_stmt 1 discriminator 2 view .LVU59
 182 0038 1968     		ldr	r1, [r3]
 183              	.LVL12:
 184              		.loc 1 171 5 is_stmt 0 discriminator 2 view .LVU60
 185 003a 0A68     		ldr	r2, [r1]
 186              	.LVL13:
 187              		.loc 1 171 5 discriminator 2 view .LVU61
 188 003c 42F00102 		orr	r2, r2, #1
 189 0040 0A60     		str	r2, [r1]
 190              	.LVL14:
 172:Drivers/STM32L4xx_HAL_Driver/Src/stm32l4xx_hal_i2c_ex.c **** 
 173:Drivers/STM32L4xx_HAL_Driver/Src/stm32l4xx_hal_i2c_ex.c ****     hi2c->State = HAL_I2C_STATE_READY;
 191              		.loc 1 173 5 is_stmt 1 discriminator 2 view .LVU62
 192              		.loc 1 173 17 is_stmt 0 discriminator 2 view .LVU63
 193 0042 2022     		movs	r2, #32
 194 0044 83F84120 		strb	r2, [r3, #65]
 174:Drivers/STM32L4xx_HAL_Driver/Src/stm32l4xx_hal_i2c_ex.c **** 
 175:Drivers/STM32L4xx_HAL_Driver/Src/stm32l4xx_hal_i2c_ex.c ****     /* Process Unlocked */
 176:Drivers/STM32L4xx_HAL_Driver/Src/stm32l4xx_hal_i2c_ex.c ****     __HAL_UNLOCK(hi2c);
 195              		.loc 1 176 5 is_stmt 1 discriminator 2 view .LVU64
 196              		.loc 1 176 5 discriminator 2 view .LVU65
 197 0048 0020     		movs	r0, #0
 198 004a 83F84000 		strb	r0, [r3, #64]
 199              		.loc 1 176 5 discriminator 2 view .LVU66
 177:Drivers/STM32L4xx_HAL_Driver/Src/stm32l4xx_hal_i2c_ex.c **** 
 178:Drivers/STM32L4xx_HAL_Driver/Src/stm32l4xx_hal_i2c_ex.c ****     return HAL_OK;
 200              		.loc 1 178 5 discriminator 2 view .LVU67
 201              		.loc 1 178 12 is_stmt 0 discriminator 2 view .LVU68
 202 004e 7047     		bx	lr
 203              	.LVL15:
 204              	.L7:
 179:Drivers/STM32L4xx_HAL_Driver/Src/stm32l4xx_hal_i2c_ex.c ****   }
 180:Drivers/STM32L4xx_HAL_Driver/Src/stm32l4xx_hal_i2c_ex.c ****   else
 181:Drivers/STM32L4xx_HAL_Driver/Src/stm32l4xx_hal_i2c_ex.c ****   {
 182:Drivers/STM32L4xx_HAL_Driver/Src/stm32l4xx_hal_i2c_ex.c ****     return HAL_BUSY;
 205              		.loc 1 182 12 view .LVU69
 206 0050 0220     		movs	r0, #2
 207              	.LVL16:
 208              		.loc 1 182 12 view .LVU70
 209 0052 7047     		bx	lr
 210              	.LVL17:
 211              	.L8:
 152:Drivers/STM32L4xx_HAL_Driver/Src/stm32l4xx_hal_i2c_ex.c **** 
 212              		.loc 1 152 5 view .LVU71
 213 0054 0220     		movs	r0, #2
 214              	.LVL18:
 183:Drivers/STM32L4xx_HAL_Driver/Src/stm32l4xx_hal_i2c_ex.c ****   }
 184:Drivers/STM32L4xx_HAL_Driver/Src/stm32l4xx_hal_i2c_ex.c **** }
 215              		.loc 1 184 1 view .LVU72
 216 0056 7047     		bx	lr
ARM GAS  /tmp/cc4ZPi7l.s 			page 8


 217              		.cfi_endproc
 218              	.LFE133:
 220              		.section	.text.HAL_I2CEx_EnableWakeUp,"ax",%progbits
 221              		.align	1
 222              		.global	HAL_I2CEx_EnableWakeUp
 223              		.syntax unified
 224              		.thumb
 225              		.thumb_func
 226              		.fpu fpv4-sp-d16
 228              	HAL_I2CEx_EnableWakeUp:
 229              	.LVL19:
 230              	.LFB134:
 185:Drivers/STM32L4xx_HAL_Driver/Src/stm32l4xx_hal_i2c_ex.c **** 
 186:Drivers/STM32L4xx_HAL_Driver/Src/stm32l4xx_hal_i2c_ex.c **** /**
 187:Drivers/STM32L4xx_HAL_Driver/Src/stm32l4xx_hal_i2c_ex.c ****   * @brief  Enable I2C wakeup from Stop mode(s).
 188:Drivers/STM32L4xx_HAL_Driver/Src/stm32l4xx_hal_i2c_ex.c ****   * @param  hi2c Pointer to a I2C_HandleTypeDef structure that contains
 189:Drivers/STM32L4xx_HAL_Driver/Src/stm32l4xx_hal_i2c_ex.c ****   *                the configuration information for the specified I2Cx peripheral.
 190:Drivers/STM32L4xx_HAL_Driver/Src/stm32l4xx_hal_i2c_ex.c ****   * @retval HAL status
 191:Drivers/STM32L4xx_HAL_Driver/Src/stm32l4xx_hal_i2c_ex.c ****   */
 192:Drivers/STM32L4xx_HAL_Driver/Src/stm32l4xx_hal_i2c_ex.c **** HAL_StatusTypeDef HAL_I2CEx_EnableWakeUp(I2C_HandleTypeDef *hi2c)
 193:Drivers/STM32L4xx_HAL_Driver/Src/stm32l4xx_hal_i2c_ex.c **** {
 231              		.loc 1 193 1 is_stmt 1 view -0
 232              		.cfi_startproc
 233              		@ args = 0, pretend = 0, frame = 0
 234              		@ frame_needed = 0, uses_anonymous_args = 0
 235              		@ link register save eliminated.
 236              		.loc 1 193 1 is_stmt 0 view .LVU74
 237 0000 0346     		mov	r3, r0
 194:Drivers/STM32L4xx_HAL_Driver/Src/stm32l4xx_hal_i2c_ex.c ****   /* Check the parameters */
 195:Drivers/STM32L4xx_HAL_Driver/Src/stm32l4xx_hal_i2c_ex.c ****   assert_param(IS_I2C_WAKEUP_FROMSTOP_INSTANCE(hi2c->Instance));
 238              		.loc 1 195 3 is_stmt 1 view .LVU75
 196:Drivers/STM32L4xx_HAL_Driver/Src/stm32l4xx_hal_i2c_ex.c **** 
 197:Drivers/STM32L4xx_HAL_Driver/Src/stm32l4xx_hal_i2c_ex.c ****   if (hi2c->State == HAL_I2C_STATE_READY)
 239              		.loc 1 197 3 view .LVU76
 240              		.loc 1 197 11 is_stmt 0 view .LVU77
 241 0002 90F84120 		ldrb	r2, [r0, #65]	@ zero_extendqisi2
 242 0006 D2B2     		uxtb	r2, r2
 243              		.loc 1 197 6 view .LVU78
 244 0008 202A     		cmp	r2, #32
 245 000a 1FD1     		bne	.L11
 198:Drivers/STM32L4xx_HAL_Driver/Src/stm32l4xx_hal_i2c_ex.c ****   {
 199:Drivers/STM32L4xx_HAL_Driver/Src/stm32l4xx_hal_i2c_ex.c ****     /* Process Locked */
 200:Drivers/STM32L4xx_HAL_Driver/Src/stm32l4xx_hal_i2c_ex.c ****     __HAL_LOCK(hi2c);
 246              		.loc 1 200 5 is_stmt 1 view .LVU79
 247              		.loc 1 200 5 view .LVU80
 248 000c 90F84020 		ldrb	r2, [r0, #64]	@ zero_extendqisi2
 249 0010 012A     		cmp	r2, #1
 250 0012 1DD0     		beq	.L12
 251              		.loc 1 200 5 discriminator 2 view .LVU81
 252 0014 0122     		movs	r2, #1
 253 0016 80F84020 		strb	r2, [r0, #64]
 254              		.loc 1 200 5 discriminator 2 view .LVU82
 201:Drivers/STM32L4xx_HAL_Driver/Src/stm32l4xx_hal_i2c_ex.c **** 
 202:Drivers/STM32L4xx_HAL_Driver/Src/stm32l4xx_hal_i2c_ex.c ****     hi2c->State = HAL_I2C_STATE_BUSY;
 255              		.loc 1 202 5 discriminator 2 view .LVU83
 256              		.loc 1 202 17 is_stmt 0 discriminator 2 view .LVU84
 257 001a 2422     		movs	r2, #36
ARM GAS  /tmp/cc4ZPi7l.s 			page 9


 258 001c 80F84120 		strb	r2, [r0, #65]
 203:Drivers/STM32L4xx_HAL_Driver/Src/stm32l4xx_hal_i2c_ex.c **** 
 204:Drivers/STM32L4xx_HAL_Driver/Src/stm32l4xx_hal_i2c_ex.c ****     /* Disable the selected I2C peripheral */
 205:Drivers/STM32L4xx_HAL_Driver/Src/stm32l4xx_hal_i2c_ex.c ****     __HAL_I2C_DISABLE(hi2c);
 259              		.loc 1 205 5 is_stmt 1 discriminator 2 view .LVU85
 260 0020 0168     		ldr	r1, [r0]
 261 0022 0A68     		ldr	r2, [r1]
 262 0024 22F00102 		bic	r2, r2, #1
 263 0028 0A60     		str	r2, [r1]
 206:Drivers/STM32L4xx_HAL_Driver/Src/stm32l4xx_hal_i2c_ex.c **** 
 207:Drivers/STM32L4xx_HAL_Driver/Src/stm32l4xx_hal_i2c_ex.c ****     /* Enable wakeup from stop mode */
 208:Drivers/STM32L4xx_HAL_Driver/Src/stm32l4xx_hal_i2c_ex.c ****     hi2c->Instance->CR1 |= I2C_CR1_WUPEN;
 264              		.loc 1 208 5 discriminator 2 view .LVU86
 265              		.loc 1 208 9 is_stmt 0 discriminator 2 view .LVU87
 266 002a 0168     		ldr	r1, [r0]
 267              		.loc 1 208 25 discriminator 2 view .LVU88
 268 002c 0A68     		ldr	r2, [r1]
 269 002e 42F48022 		orr	r2, r2, #262144
 270 0032 0A60     		str	r2, [r1]
 209:Drivers/STM32L4xx_HAL_Driver/Src/stm32l4xx_hal_i2c_ex.c **** 
 210:Drivers/STM32L4xx_HAL_Driver/Src/stm32l4xx_hal_i2c_ex.c ****     __HAL_I2C_ENABLE(hi2c);
 271              		.loc 1 210 5 is_stmt 1 discriminator 2 view .LVU89
 272 0034 0168     		ldr	r1, [r0]
 273 0036 0A68     		ldr	r2, [r1]
 274 0038 42F00102 		orr	r2, r2, #1
 275 003c 0A60     		str	r2, [r1]
 211:Drivers/STM32L4xx_HAL_Driver/Src/stm32l4xx_hal_i2c_ex.c **** 
 212:Drivers/STM32L4xx_HAL_Driver/Src/stm32l4xx_hal_i2c_ex.c ****     hi2c->State = HAL_I2C_STATE_READY;
 276              		.loc 1 212 5 discriminator 2 view .LVU90
 277              		.loc 1 212 17 is_stmt 0 discriminator 2 view .LVU91
 278 003e 2022     		movs	r2, #32
 279 0040 80F84120 		strb	r2, [r0, #65]
 213:Drivers/STM32L4xx_HAL_Driver/Src/stm32l4xx_hal_i2c_ex.c **** 
 214:Drivers/STM32L4xx_HAL_Driver/Src/stm32l4xx_hal_i2c_ex.c ****     /* Process Unlocked */
 215:Drivers/STM32L4xx_HAL_Driver/Src/stm32l4xx_hal_i2c_ex.c ****     __HAL_UNLOCK(hi2c);
 280              		.loc 1 215 5 is_stmt 1 discriminator 2 view .LVU92
 281              		.loc 1 215 5 discriminator 2 view .LVU93
 282 0044 0020     		movs	r0, #0
 283              	.LVL20:
 284              		.loc 1 215 5 is_stmt 0 discriminator 2 view .LVU94
 285 0046 83F84000 		strb	r0, [r3, #64]
 286              		.loc 1 215 5 is_stmt 1 discriminator 2 view .LVU95
 216:Drivers/STM32L4xx_HAL_Driver/Src/stm32l4xx_hal_i2c_ex.c **** 
 217:Drivers/STM32L4xx_HAL_Driver/Src/stm32l4xx_hal_i2c_ex.c ****     return HAL_OK;
 287              		.loc 1 217 5 discriminator 2 view .LVU96
 288              		.loc 1 217 12 is_stmt 0 discriminator 2 view .LVU97
 289 004a 7047     		bx	lr
 290              	.LVL21:
 291              	.L11:
 218:Drivers/STM32L4xx_HAL_Driver/Src/stm32l4xx_hal_i2c_ex.c ****   }
 219:Drivers/STM32L4xx_HAL_Driver/Src/stm32l4xx_hal_i2c_ex.c ****   else
 220:Drivers/STM32L4xx_HAL_Driver/Src/stm32l4xx_hal_i2c_ex.c ****   {
 221:Drivers/STM32L4xx_HAL_Driver/Src/stm32l4xx_hal_i2c_ex.c ****     return HAL_BUSY;
 292              		.loc 1 221 12 view .LVU98
 293 004c 0220     		movs	r0, #2
 294              	.LVL22:
 295              		.loc 1 221 12 view .LVU99
ARM GAS  /tmp/cc4ZPi7l.s 			page 10


 296 004e 7047     		bx	lr
 297              	.LVL23:
 298              	.L12:
 200:Drivers/STM32L4xx_HAL_Driver/Src/stm32l4xx_hal_i2c_ex.c **** 
 299              		.loc 1 200 5 view .LVU100
 300 0050 0220     		movs	r0, #2
 301              	.LVL24:
 222:Drivers/STM32L4xx_HAL_Driver/Src/stm32l4xx_hal_i2c_ex.c ****   }
 223:Drivers/STM32L4xx_HAL_Driver/Src/stm32l4xx_hal_i2c_ex.c **** }
 302              		.loc 1 223 1 view .LVU101
 303 0052 7047     		bx	lr
 304              		.cfi_endproc
 305              	.LFE134:
 307              		.section	.text.HAL_I2CEx_DisableWakeUp,"ax",%progbits
 308              		.align	1
 309              		.global	HAL_I2CEx_DisableWakeUp
 310              		.syntax unified
 311              		.thumb
 312              		.thumb_func
 313              		.fpu fpv4-sp-d16
 315              	HAL_I2CEx_DisableWakeUp:
 316              	.LVL25:
 317              	.LFB135:
 224:Drivers/STM32L4xx_HAL_Driver/Src/stm32l4xx_hal_i2c_ex.c **** 
 225:Drivers/STM32L4xx_HAL_Driver/Src/stm32l4xx_hal_i2c_ex.c **** /**
 226:Drivers/STM32L4xx_HAL_Driver/Src/stm32l4xx_hal_i2c_ex.c ****   * @brief  Disable I2C wakeup from Stop mode(s).
 227:Drivers/STM32L4xx_HAL_Driver/Src/stm32l4xx_hal_i2c_ex.c ****   * @param  hi2c Pointer to a I2C_HandleTypeDef structure that contains
 228:Drivers/STM32L4xx_HAL_Driver/Src/stm32l4xx_hal_i2c_ex.c ****   *                the configuration information for the specified I2Cx peripheral.
 229:Drivers/STM32L4xx_HAL_Driver/Src/stm32l4xx_hal_i2c_ex.c ****   * @retval HAL status
 230:Drivers/STM32L4xx_HAL_Driver/Src/stm32l4xx_hal_i2c_ex.c ****   */
 231:Drivers/STM32L4xx_HAL_Driver/Src/stm32l4xx_hal_i2c_ex.c **** HAL_StatusTypeDef HAL_I2CEx_DisableWakeUp(I2C_HandleTypeDef *hi2c)
 232:Drivers/STM32L4xx_HAL_Driver/Src/stm32l4xx_hal_i2c_ex.c **** {
 318              		.loc 1 232 1 is_stmt 1 view -0
 319              		.cfi_startproc
 320              		@ args = 0, pretend = 0, frame = 0
 321              		@ frame_needed = 0, uses_anonymous_args = 0
 322              		@ link register save eliminated.
 323              		.loc 1 232 1 is_stmt 0 view .LVU103
 324 0000 0346     		mov	r3, r0
 233:Drivers/STM32L4xx_HAL_Driver/Src/stm32l4xx_hal_i2c_ex.c ****   /* Check the parameters */
 234:Drivers/STM32L4xx_HAL_Driver/Src/stm32l4xx_hal_i2c_ex.c ****   assert_param(IS_I2C_WAKEUP_FROMSTOP_INSTANCE(hi2c->Instance));
 325              		.loc 1 234 3 is_stmt 1 view .LVU104
 235:Drivers/STM32L4xx_HAL_Driver/Src/stm32l4xx_hal_i2c_ex.c **** 
 236:Drivers/STM32L4xx_HAL_Driver/Src/stm32l4xx_hal_i2c_ex.c ****   if (hi2c->State == HAL_I2C_STATE_READY)
 326              		.loc 1 236 3 view .LVU105
 327              		.loc 1 236 11 is_stmt 0 view .LVU106
 328 0002 90F84120 		ldrb	r2, [r0, #65]	@ zero_extendqisi2
 329 0006 D2B2     		uxtb	r2, r2
 330              		.loc 1 236 6 view .LVU107
 331 0008 202A     		cmp	r2, #32
 332 000a 1FD1     		bne	.L15
 237:Drivers/STM32L4xx_HAL_Driver/Src/stm32l4xx_hal_i2c_ex.c ****   {
 238:Drivers/STM32L4xx_HAL_Driver/Src/stm32l4xx_hal_i2c_ex.c ****     /* Process Locked */
 239:Drivers/STM32L4xx_HAL_Driver/Src/stm32l4xx_hal_i2c_ex.c ****     __HAL_LOCK(hi2c);
 333              		.loc 1 239 5 is_stmt 1 view .LVU108
 334              		.loc 1 239 5 view .LVU109
 335 000c 90F84020 		ldrb	r2, [r0, #64]	@ zero_extendqisi2
ARM GAS  /tmp/cc4ZPi7l.s 			page 11


 336 0010 012A     		cmp	r2, #1
 337 0012 1DD0     		beq	.L16
 338              		.loc 1 239 5 discriminator 2 view .LVU110
 339 0014 0122     		movs	r2, #1
 340 0016 80F84020 		strb	r2, [r0, #64]
 341              		.loc 1 239 5 discriminator 2 view .LVU111
 240:Drivers/STM32L4xx_HAL_Driver/Src/stm32l4xx_hal_i2c_ex.c **** 
 241:Drivers/STM32L4xx_HAL_Driver/Src/stm32l4xx_hal_i2c_ex.c ****     hi2c->State = HAL_I2C_STATE_BUSY;
 342              		.loc 1 241 5 discriminator 2 view .LVU112
 343              		.loc 1 241 17 is_stmt 0 discriminator 2 view .LVU113
 344 001a 2422     		movs	r2, #36
 345 001c 80F84120 		strb	r2, [r0, #65]
 242:Drivers/STM32L4xx_HAL_Driver/Src/stm32l4xx_hal_i2c_ex.c **** 
 243:Drivers/STM32L4xx_HAL_Driver/Src/stm32l4xx_hal_i2c_ex.c ****     /* Disable the selected I2C peripheral */
 244:Drivers/STM32L4xx_HAL_Driver/Src/stm32l4xx_hal_i2c_ex.c ****     __HAL_I2C_DISABLE(hi2c);
 346              		.loc 1 244 5 is_stmt 1 discriminator 2 view .LVU114
 347 0020 0168     		ldr	r1, [r0]
 348 0022 0A68     		ldr	r2, [r1]
 349 0024 22F00102 		bic	r2, r2, #1
 350 0028 0A60     		str	r2, [r1]
 245:Drivers/STM32L4xx_HAL_Driver/Src/stm32l4xx_hal_i2c_ex.c **** 
 246:Drivers/STM32L4xx_HAL_Driver/Src/stm32l4xx_hal_i2c_ex.c ****     /* Enable wakeup from stop mode */
 247:Drivers/STM32L4xx_HAL_Driver/Src/stm32l4xx_hal_i2c_ex.c ****     hi2c->Instance->CR1 &= ~(I2C_CR1_WUPEN);
 351              		.loc 1 247 5 discriminator 2 view .LVU115
 352              		.loc 1 247 9 is_stmt 0 discriminator 2 view .LVU116
 353 002a 0168     		ldr	r1, [r0]
 354              		.loc 1 247 25 discriminator 2 view .LVU117
 355 002c 0A68     		ldr	r2, [r1]
 356 002e 22F48022 		bic	r2, r2, #262144
 357 0032 0A60     		str	r2, [r1]
 248:Drivers/STM32L4xx_HAL_Driver/Src/stm32l4xx_hal_i2c_ex.c **** 
 249:Drivers/STM32L4xx_HAL_Driver/Src/stm32l4xx_hal_i2c_ex.c ****     __HAL_I2C_ENABLE(hi2c);
 358              		.loc 1 249 5 is_stmt 1 discriminator 2 view .LVU118
 359 0034 0168     		ldr	r1, [r0]
 360 0036 0A68     		ldr	r2, [r1]
 361 0038 42F00102 		orr	r2, r2, #1
 362 003c 0A60     		str	r2, [r1]
 250:Drivers/STM32L4xx_HAL_Driver/Src/stm32l4xx_hal_i2c_ex.c **** 
 251:Drivers/STM32L4xx_HAL_Driver/Src/stm32l4xx_hal_i2c_ex.c ****     hi2c->State = HAL_I2C_STATE_READY;
 363              		.loc 1 251 5 discriminator 2 view .LVU119
 364              		.loc 1 251 17 is_stmt 0 discriminator 2 view .LVU120
 365 003e 2022     		movs	r2, #32
 366 0040 80F84120 		strb	r2, [r0, #65]
 252:Drivers/STM32L4xx_HAL_Driver/Src/stm32l4xx_hal_i2c_ex.c **** 
 253:Drivers/STM32L4xx_HAL_Driver/Src/stm32l4xx_hal_i2c_ex.c ****     /* Process Unlocked */
 254:Drivers/STM32L4xx_HAL_Driver/Src/stm32l4xx_hal_i2c_ex.c ****     __HAL_UNLOCK(hi2c);
 367              		.loc 1 254 5 is_stmt 1 discriminator 2 view .LVU121
 368              		.loc 1 254 5 discriminator 2 view .LVU122
 369 0044 0020     		movs	r0, #0
 370              	.LVL26:
 371              		.loc 1 254 5 is_stmt 0 discriminator 2 view .LVU123
 372 0046 83F84000 		strb	r0, [r3, #64]
 373              		.loc 1 254 5 is_stmt 1 discriminator 2 view .LVU124
 255:Drivers/STM32L4xx_HAL_Driver/Src/stm32l4xx_hal_i2c_ex.c **** 
 256:Drivers/STM32L4xx_HAL_Driver/Src/stm32l4xx_hal_i2c_ex.c ****     return HAL_OK;
 374              		.loc 1 256 5 discriminator 2 view .LVU125
 375              		.loc 1 256 12 is_stmt 0 discriminator 2 view .LVU126
ARM GAS  /tmp/cc4ZPi7l.s 			page 12


 376 004a 7047     		bx	lr
 377              	.LVL27:
 378              	.L15:
 257:Drivers/STM32L4xx_HAL_Driver/Src/stm32l4xx_hal_i2c_ex.c ****   }
 258:Drivers/STM32L4xx_HAL_Driver/Src/stm32l4xx_hal_i2c_ex.c ****   else
 259:Drivers/STM32L4xx_HAL_Driver/Src/stm32l4xx_hal_i2c_ex.c ****   {
 260:Drivers/STM32L4xx_HAL_Driver/Src/stm32l4xx_hal_i2c_ex.c ****     return HAL_BUSY;
 379              		.loc 1 260 12 view .LVU127
 380 004c 0220     		movs	r0, #2
 381              	.LVL28:
 382              		.loc 1 260 12 view .LVU128
 383 004e 7047     		bx	lr
 384              	.LVL29:
 385              	.L16:
 239:Drivers/STM32L4xx_HAL_Driver/Src/stm32l4xx_hal_i2c_ex.c **** 
 386              		.loc 1 239 5 view .LVU129
 387 0050 0220     		movs	r0, #2
 388              	.LVL30:
 261:Drivers/STM32L4xx_HAL_Driver/Src/stm32l4xx_hal_i2c_ex.c ****   }
 262:Drivers/STM32L4xx_HAL_Driver/Src/stm32l4xx_hal_i2c_ex.c **** }
 389              		.loc 1 262 1 view .LVU130
 390 0052 7047     		bx	lr
 391              		.cfi_endproc
 392              	.LFE135:
 394              		.section	.text.HAL_I2CEx_EnableFastModePlus,"ax",%progbits
 395              		.align	1
 396              		.global	HAL_I2CEx_EnableFastModePlus
 397              		.syntax unified
 398              		.thumb
 399              		.thumb_func
 400              		.fpu fpv4-sp-d16
 402              	HAL_I2CEx_EnableFastModePlus:
 403              	.LVL31:
 404              	.LFB136:
 263:Drivers/STM32L4xx_HAL_Driver/Src/stm32l4xx_hal_i2c_ex.c **** 
 264:Drivers/STM32L4xx_HAL_Driver/Src/stm32l4xx_hal_i2c_ex.c **** /**
 265:Drivers/STM32L4xx_HAL_Driver/Src/stm32l4xx_hal_i2c_ex.c ****   * @brief Enable the I2C fast mode plus driving capability.
 266:Drivers/STM32L4xx_HAL_Driver/Src/stm32l4xx_hal_i2c_ex.c ****   * @param ConfigFastModePlus Selects the pin.
 267:Drivers/STM32L4xx_HAL_Driver/Src/stm32l4xx_hal_i2c_ex.c ****   *   This parameter can be one of the @ref I2CEx_FastModePlus values
 268:Drivers/STM32L4xx_HAL_Driver/Src/stm32l4xx_hal_i2c_ex.c ****   * @note  For I2C1, fast mode plus driving capability can be enabled on all selected
 269:Drivers/STM32L4xx_HAL_Driver/Src/stm32l4xx_hal_i2c_ex.c ****   *        I2C1 pins using I2C_FASTMODEPLUS_I2C1 parameter or independently
 270:Drivers/STM32L4xx_HAL_Driver/Src/stm32l4xx_hal_i2c_ex.c ****   *        on each one of the following pins PB6, PB7, PB8 and PB9.
 271:Drivers/STM32L4xx_HAL_Driver/Src/stm32l4xx_hal_i2c_ex.c ****   * @note  For remaining I2C1 pins (PA14, PA15...) fast mode plus driving capability
 272:Drivers/STM32L4xx_HAL_Driver/Src/stm32l4xx_hal_i2c_ex.c ****   *        can be enabled only by using I2C_FASTMODEPLUS_I2C1 parameter.
 273:Drivers/STM32L4xx_HAL_Driver/Src/stm32l4xx_hal_i2c_ex.c ****   * @note  For all I2C2 pins fast mode plus driving capability can be enabled
 274:Drivers/STM32L4xx_HAL_Driver/Src/stm32l4xx_hal_i2c_ex.c ****   *        only by using I2C_FASTMODEPLUS_I2C2 parameter.
 275:Drivers/STM32L4xx_HAL_Driver/Src/stm32l4xx_hal_i2c_ex.c ****   * @note  For all I2C3 pins fast mode plus driving capability can be enabled
 276:Drivers/STM32L4xx_HAL_Driver/Src/stm32l4xx_hal_i2c_ex.c ****   *        only by using I2C_FASTMODEPLUS_I2C3 parameter.
 277:Drivers/STM32L4xx_HAL_Driver/Src/stm32l4xx_hal_i2c_ex.c ****   * @note  For all I2C4 pins fast mode plus driving capability can be enabled
 278:Drivers/STM32L4xx_HAL_Driver/Src/stm32l4xx_hal_i2c_ex.c ****   *        only by using I2C_FASTMODEPLUS_I2C4 parameter.
 279:Drivers/STM32L4xx_HAL_Driver/Src/stm32l4xx_hal_i2c_ex.c ****   * @retval None
 280:Drivers/STM32L4xx_HAL_Driver/Src/stm32l4xx_hal_i2c_ex.c ****   */
 281:Drivers/STM32L4xx_HAL_Driver/Src/stm32l4xx_hal_i2c_ex.c **** void HAL_I2CEx_EnableFastModePlus(uint32_t ConfigFastModePlus)
 282:Drivers/STM32L4xx_HAL_Driver/Src/stm32l4xx_hal_i2c_ex.c **** {
 405              		.loc 1 282 1 is_stmt 1 view -0
 406              		.cfi_startproc
 407              		@ args = 0, pretend = 0, frame = 8
ARM GAS  /tmp/cc4ZPi7l.s 			page 13


 408              		@ frame_needed = 0, uses_anonymous_args = 0
 409              		@ link register save eliminated.
 410              		.loc 1 282 1 is_stmt 0 view .LVU132
 411 0000 82B0     		sub	sp, sp, #8
 412              	.LCFI0:
 413              		.cfi_def_cfa_offset 8
 283:Drivers/STM32L4xx_HAL_Driver/Src/stm32l4xx_hal_i2c_ex.c ****   /* Check the parameter */
 284:Drivers/STM32L4xx_HAL_Driver/Src/stm32l4xx_hal_i2c_ex.c ****   assert_param(IS_I2C_FASTMODEPLUS(ConfigFastModePlus));
 414              		.loc 1 284 3 is_stmt 1 view .LVU133
 285:Drivers/STM32L4xx_HAL_Driver/Src/stm32l4xx_hal_i2c_ex.c **** 
 286:Drivers/STM32L4xx_HAL_Driver/Src/stm32l4xx_hal_i2c_ex.c ****   /* Enable SYSCFG clock */
 287:Drivers/STM32L4xx_HAL_Driver/Src/stm32l4xx_hal_i2c_ex.c ****   __HAL_RCC_SYSCFG_CLK_ENABLE();
 415              		.loc 1 287 3 view .LVU134
 416              	.LBB2:
 417              		.loc 1 287 3 view .LVU135
 418              		.loc 1 287 3 view .LVU136
 419 0002 084B     		ldr	r3, .L19
 420 0004 1A6E     		ldr	r2, [r3, #96]
 421 0006 42F00102 		orr	r2, r2, #1
 422 000a 1A66     		str	r2, [r3, #96]
 423              		.loc 1 287 3 view .LVU137
 424 000c 1B6E     		ldr	r3, [r3, #96]
 425 000e 03F00103 		and	r3, r3, #1
 426 0012 0193     		str	r3, [sp, #4]
 427              		.loc 1 287 3 view .LVU138
 428 0014 019B     		ldr	r3, [sp, #4]
 429              	.LBE2:
 430              		.loc 1 287 3 view .LVU139
 288:Drivers/STM32L4xx_HAL_Driver/Src/stm32l4xx_hal_i2c_ex.c **** 
 289:Drivers/STM32L4xx_HAL_Driver/Src/stm32l4xx_hal_i2c_ex.c ****   /* Enable fast mode plus driving capability for selected pin */
 290:Drivers/STM32L4xx_HAL_Driver/Src/stm32l4xx_hal_i2c_ex.c ****   SET_BIT(SYSCFG->CFGR1, (uint32_t)ConfigFastModePlus);
 431              		.loc 1 290 3 view .LVU140
 432 0016 044A     		ldr	r2, .L19+4
 433 0018 5368     		ldr	r3, [r2, #4]
 434 001a 0343     		orrs	r3, r3, r0
 435 001c 5360     		str	r3, [r2, #4]
 291:Drivers/STM32L4xx_HAL_Driver/Src/stm32l4xx_hal_i2c_ex.c **** }
 436              		.loc 1 291 1 is_stmt 0 view .LVU141
 437 001e 02B0     		add	sp, sp, #8
 438              	.LCFI1:
 439              		.cfi_def_cfa_offset 0
 440              		@ sp needed
 441 0020 7047     		bx	lr
 442              	.L20:
 443 0022 00BF     		.align	2
 444              	.L19:
 445 0024 00100240 		.word	1073876992
 446 0028 00000140 		.word	1073807360
 447              		.cfi_endproc
 448              	.LFE136:
 450              		.section	.text.HAL_I2CEx_DisableFastModePlus,"ax",%progbits
 451              		.align	1
 452              		.global	HAL_I2CEx_DisableFastModePlus
 453              		.syntax unified
 454              		.thumb
 455              		.thumb_func
 456              		.fpu fpv4-sp-d16
ARM GAS  /tmp/cc4ZPi7l.s 			page 14


 458              	HAL_I2CEx_DisableFastModePlus:
 459              	.LVL32:
 460              	.LFB137:
 292:Drivers/STM32L4xx_HAL_Driver/Src/stm32l4xx_hal_i2c_ex.c **** 
 293:Drivers/STM32L4xx_HAL_Driver/Src/stm32l4xx_hal_i2c_ex.c **** /**
 294:Drivers/STM32L4xx_HAL_Driver/Src/stm32l4xx_hal_i2c_ex.c ****   * @brief Disable the I2C fast mode plus driving capability.
 295:Drivers/STM32L4xx_HAL_Driver/Src/stm32l4xx_hal_i2c_ex.c ****   * @param ConfigFastModePlus Selects the pin.
 296:Drivers/STM32L4xx_HAL_Driver/Src/stm32l4xx_hal_i2c_ex.c ****   *   This parameter can be one of the @ref I2CEx_FastModePlus values
 297:Drivers/STM32L4xx_HAL_Driver/Src/stm32l4xx_hal_i2c_ex.c ****   * @note  For I2C1, fast mode plus driving capability can be disabled on all selected
 298:Drivers/STM32L4xx_HAL_Driver/Src/stm32l4xx_hal_i2c_ex.c ****   *        I2C1 pins using I2C_FASTMODEPLUS_I2C1 parameter or independently
 299:Drivers/STM32L4xx_HAL_Driver/Src/stm32l4xx_hal_i2c_ex.c ****   *        on each one of the following pins PB6, PB7, PB8 and PB9.
 300:Drivers/STM32L4xx_HAL_Driver/Src/stm32l4xx_hal_i2c_ex.c ****   * @note  For remaining I2C1 pins (PA14, PA15...) fast mode plus driving capability
 301:Drivers/STM32L4xx_HAL_Driver/Src/stm32l4xx_hal_i2c_ex.c ****   *        can be disabled only by using I2C_FASTMODEPLUS_I2C1 parameter.
 302:Drivers/STM32L4xx_HAL_Driver/Src/stm32l4xx_hal_i2c_ex.c ****   * @note  For all I2C2 pins fast mode plus driving capability can be disabled
 303:Drivers/STM32L4xx_HAL_Driver/Src/stm32l4xx_hal_i2c_ex.c ****   *        only by using I2C_FASTMODEPLUS_I2C2 parameter.
 304:Drivers/STM32L4xx_HAL_Driver/Src/stm32l4xx_hal_i2c_ex.c ****   * @note  For all I2C3 pins fast mode plus driving capability can be disabled
 305:Drivers/STM32L4xx_HAL_Driver/Src/stm32l4xx_hal_i2c_ex.c ****   *        only by using I2C_FASTMODEPLUS_I2C3 parameter.
 306:Drivers/STM32L4xx_HAL_Driver/Src/stm32l4xx_hal_i2c_ex.c ****   * @note  For all I2C4 pins fast mode plus driving capability can be disabled
 307:Drivers/STM32L4xx_HAL_Driver/Src/stm32l4xx_hal_i2c_ex.c ****   *        only by using I2C_FASTMODEPLUS_I2C4 parameter.
 308:Drivers/STM32L4xx_HAL_Driver/Src/stm32l4xx_hal_i2c_ex.c ****   * @retval None
 309:Drivers/STM32L4xx_HAL_Driver/Src/stm32l4xx_hal_i2c_ex.c ****   */
 310:Drivers/STM32L4xx_HAL_Driver/Src/stm32l4xx_hal_i2c_ex.c **** void HAL_I2CEx_DisableFastModePlus(uint32_t ConfigFastModePlus)
 311:Drivers/STM32L4xx_HAL_Driver/Src/stm32l4xx_hal_i2c_ex.c **** {
 461              		.loc 1 311 1 is_stmt 1 view -0
 462              		.cfi_startproc
 463              		@ args = 0, pretend = 0, frame = 8
 464              		@ frame_needed = 0, uses_anonymous_args = 0
 465              		@ link register save eliminated.
 466              		.loc 1 311 1 is_stmt 0 view .LVU143
 467 0000 82B0     		sub	sp, sp, #8
 468              	.LCFI2:
 469              		.cfi_def_cfa_offset 8
 312:Drivers/STM32L4xx_HAL_Driver/Src/stm32l4xx_hal_i2c_ex.c ****   /* Check the parameter */
 313:Drivers/STM32L4xx_HAL_Driver/Src/stm32l4xx_hal_i2c_ex.c ****   assert_param(IS_I2C_FASTMODEPLUS(ConfigFastModePlus));
 470              		.loc 1 313 3 is_stmt 1 view .LVU144
 314:Drivers/STM32L4xx_HAL_Driver/Src/stm32l4xx_hal_i2c_ex.c **** 
 315:Drivers/STM32L4xx_HAL_Driver/Src/stm32l4xx_hal_i2c_ex.c ****   /* Enable SYSCFG clock */
 316:Drivers/STM32L4xx_HAL_Driver/Src/stm32l4xx_hal_i2c_ex.c ****   __HAL_RCC_SYSCFG_CLK_ENABLE();
 471              		.loc 1 316 3 view .LVU145
 472              	.LBB3:
 473              		.loc 1 316 3 view .LVU146
 474              		.loc 1 316 3 view .LVU147
 475 0002 084B     		ldr	r3, .L23
 476 0004 1A6E     		ldr	r2, [r3, #96]
 477 0006 42F00102 		orr	r2, r2, #1
 478 000a 1A66     		str	r2, [r3, #96]
 479              		.loc 1 316 3 view .LVU148
 480 000c 1B6E     		ldr	r3, [r3, #96]
 481 000e 03F00103 		and	r3, r3, #1
 482 0012 0193     		str	r3, [sp, #4]
 483              		.loc 1 316 3 view .LVU149
 484 0014 019B     		ldr	r3, [sp, #4]
 485              	.LBE3:
 486              		.loc 1 316 3 view .LVU150
 317:Drivers/STM32L4xx_HAL_Driver/Src/stm32l4xx_hal_i2c_ex.c **** 
 318:Drivers/STM32L4xx_HAL_Driver/Src/stm32l4xx_hal_i2c_ex.c ****   /* Disable fast mode plus driving capability for selected pin */
 319:Drivers/STM32L4xx_HAL_Driver/Src/stm32l4xx_hal_i2c_ex.c ****   CLEAR_BIT(SYSCFG->CFGR1, (uint32_t)ConfigFastModePlus);
ARM GAS  /tmp/cc4ZPi7l.s 			page 15


 487              		.loc 1 319 3 view .LVU151
 488 0016 044A     		ldr	r2, .L23+4
 489 0018 5368     		ldr	r3, [r2, #4]
 490 001a 23EA0003 		bic	r3, r3, r0
 491 001e 5360     		str	r3, [r2, #4]
 320:Drivers/STM32L4xx_HAL_Driver/Src/stm32l4xx_hal_i2c_ex.c **** }
 492              		.loc 1 320 1 is_stmt 0 view .LVU152
 493 0020 02B0     		add	sp, sp, #8
 494              	.LCFI3:
 495              		.cfi_def_cfa_offset 0
 496              		@ sp needed
 497 0022 7047     		bx	lr
 498              	.L24:
 499              		.align	2
 500              	.L23:
 501 0024 00100240 		.word	1073876992
 502 0028 00000140 		.word	1073807360
 503              		.cfi_endproc
 504              	.LFE137:
 506              		.text
 507              	.Letext0:
 508              		.file 2 "/usr/arm-none-eabi/include/machine/_default_types.h"
 509              		.file 3 "/usr/arm-none-eabi/include/sys/_stdint.h"
 510              		.file 4 "Drivers/CMSIS/Device/ST/STM32L4xx/Include/stm32l476xx.h"
 511              		.file 5 "Drivers/STM32L4xx_HAL_Driver/Inc/stm32l4xx_hal_def.h"
 512              		.file 6 "Drivers/STM32L4xx_HAL_Driver/Inc/stm32l4xx_hal_dma.h"
 513              		.file 7 "Drivers/STM32L4xx_HAL_Driver/Inc/stm32l4xx_hal_i2c.h"
ARM GAS  /tmp/cc4ZPi7l.s 			page 16


DEFINED SYMBOLS
                            *ABS*:0000000000000000 stm32l4xx_hal_i2c_ex.c
     /tmp/cc4ZPi7l.s:18     .text.HAL_I2CEx_ConfigAnalogFilter:0000000000000000 $t
     /tmp/cc4ZPi7l.s:26     .text.HAL_I2CEx_ConfigAnalogFilter:0000000000000000 HAL_I2CEx_ConfigAnalogFilter
     /tmp/cc4ZPi7l.s:117    .text.HAL_I2CEx_ConfigDigitalFilter:0000000000000000 $t
     /tmp/cc4ZPi7l.s:124    .text.HAL_I2CEx_ConfigDigitalFilter:0000000000000000 HAL_I2CEx_ConfigDigitalFilter
     /tmp/cc4ZPi7l.s:221    .text.HAL_I2CEx_EnableWakeUp:0000000000000000 $t
     /tmp/cc4ZPi7l.s:228    .text.HAL_I2CEx_EnableWakeUp:0000000000000000 HAL_I2CEx_EnableWakeUp
     /tmp/cc4ZPi7l.s:308    .text.HAL_I2CEx_DisableWakeUp:0000000000000000 $t
     /tmp/cc4ZPi7l.s:315    .text.HAL_I2CEx_DisableWakeUp:0000000000000000 HAL_I2CEx_DisableWakeUp
     /tmp/cc4ZPi7l.s:395    .text.HAL_I2CEx_EnableFastModePlus:0000000000000000 $t
     /tmp/cc4ZPi7l.s:402    .text.HAL_I2CEx_EnableFastModePlus:0000000000000000 HAL_I2CEx_EnableFastModePlus
     /tmp/cc4ZPi7l.s:445    .text.HAL_I2CEx_EnableFastModePlus:0000000000000024 $d
     /tmp/cc4ZPi7l.s:451    .text.HAL_I2CEx_DisableFastModePlus:0000000000000000 $t
     /tmp/cc4ZPi7l.s:458    .text.HAL_I2CEx_DisableFastModePlus:0000000000000000 HAL_I2CEx_DisableFastModePlus
     /tmp/cc4ZPi7l.s:501    .text.HAL_I2CEx_DisableFastModePlus:0000000000000024 $d

NO UNDEFINED SYMBOLS
