Performing C SOURCE FILE Test CMAKE_HAVE_LIBC_PTHREAD failed with the following output:
Change Dir: /home/scott/gvsu/stm/vscode_base/build/CMakeFiles/CMakeTmp

Run Build Command(s):/usr/bin/ninja cmTC_eaa1f && [1/2] Building C object CMakeFiles/cmTC_eaa1f.dir/src.c.o
[2/2] Linking C executable cmTC_eaa1f
FAILED: cmTC_eaa1f 
: && /usr/bin/gcc  -rdynamic CMakeFiles/cmTC_eaa1f.dir/src.c.o -o cmTC_eaa1f   && :
/usr/bin/ld: CMakeFiles/cmTC_eaa1f.dir/src.c.o: in function `main':
src.c:(.text+0x3e): undefined reference to `pthread_create'
/usr/bin/ld: src.c:(.text+0x4a): undefined reference to `pthread_detach'
/usr/bin/ld: src.c:(.text+0x56): undefined reference to `pthread_cancel'
/usr/bin/ld: src.c:(.text+0x67): undefined reference to `pthread_join'
collect2: error: ld returned 1 exit status
ninja: build stopped: subcommand failed.


Source file was:
#include <pthread.h>

static void* test_func(void* data)
{
  return data;
}

int main(void)
{
  pthread_t thread;
  pthread_create(&thread, NULL, test_func, NULL);
  pthread_detach(thread);
  pthread_cancel(thread);
  pthread_join(thread, NULL);
  pthread_atfork(NULL, NULL, NULL);
  pthread_exit(NULL);

  return 0;
}

Determining if the function pthread_create exists in the pthreads failed with the following output:
Change Dir: /home/scott/gvsu/stm/vscode_base/build/CMakeFiles/CMakeTmp

Run Build Command(s):/usr/bin/ninja cmTC_c7b48 && [1/2] Building C object CMakeFiles/cmTC_c7b48.dir/CheckFunctionExists.c.o
[2/2] Linking C executable cmTC_c7b48
FAILED: cmTC_c7b48 
: && /usr/bin/gcc -DCHECK_FUNCTION_EXISTS=pthread_create -rdynamic CMakeFiles/cmTC_c7b48.dir/CheckFunctionExists.c.o -o cmTC_c7b48  -lpthreads && :
/usr/bin/ld: cannot find -lpthreads
collect2: error: ld returned 1 exit status
ninja: build stopped: subcommand failed.



